Start testing: May 12 14:49 대한민국 표준시
----------------------------------------------------------
1/1 Testing: ArithmeticTest
1/1 Test: ArithmeticTest
Command: "C:/DEV/week1_day2/Arithmetic_07/build/ArithmeticTest.exe"
Directory: C:/DEV/week1_day2/Arithmetic_07/build
"ArithmeticTest" start time: May 12 14:49 대한민국 표준시
Output:
----------------------------------------------------------
testAddition passed
All tests passed!
<end of output>
Test time =   0.02 sec
----------------------------------------------------------
Test Passed.
"ArithmeticTest" end time: May 12 14:49 대한민국 표준시
"ArithmeticTest" time elapsed: 00:00:00
----------------------------------------------------------

End testing: May 12 14:49 대한민국 표준시
