TN:
SF:C:\DEV\week1_day2\Arithmetic_07\src\ArithmeticOperations.cpp
FN:3,_ZN20ArithmeticOperations8additionEii
FNDA:1,_ZN20ArithmeticOperations8additionEii
FN:5,_ZN20ArithmeticOperations11subtractionEii
FNDA:0,_ZN20ArithmeticOperations11subtractionEii
FN:7,_ZN20ArithmeticOperations14multiplicationEii
FNDA:0,_ZN20ArithmeticOperations14multiplicationEii
FN:9,_ZN20ArithmeticOperations8divisionEii
FNDA:0,_ZN20ArithmeticOperations8divisionEii
FN:11,_ZN20ArithmeticOperations8quotientEii
FNDA:0,_ZN20ArithmeticOperations8quotientEii
DA:3,1
DA:5,0
DA:7,0
DA:9,0
DA:11,0
end_of_record
TN:
SF:C:\DEV\week1_day2\Arithmetic_07\test\ArithmeticOperationsTest.cpp
FN:5,_Z12testAdditionv
FNDA:1,_Z12testAdditionv
FN:29,main
FNDA:1,main
DA:5,1
DA:7,1
DA:8,1
DA:9,1
DA:29,1
DA:30,1
DA:34,1
DA:35,1
end_of_record
